<?xml version="1.0" encoding="UTF-8"?>
<!-- Generated by org.testng.reporters.JUnitReportReporter -->
<testsuite skipped="0" hostname="DESKTOP-7EO4L8F" name="test.test" tests="1" failures="0" timestamp="13 Jan 2020 16:49:02 GMT" time="11.850" errors="0">
  <testcase name="firstTest" time="11.850" classname="test.test"/>
</testsuite> <!-- test.test -->
